2015-01-01.00:47:11 ARGV=vemulapa SOC=git-upload-pack
2015-01-01.02:00:25 ARGV=vnagula SOC=git-upload-pack
2015-01-01.02:35:39 ARGV=sugugulo SOC=git-upload-pack
2015-01-01.02:36:28 ARGV=pavansra SOC=git-upload-pack
2015-01-01.05:38:27 ARGV=vemulapa SOC=git-upload-pack
2015-01-01.05:43:35 ARGV=vemulapa SOC=git-upload-pack
2015-01-01.07:04:08 ARGV=rlakshmi SOC=git-upload-pack
2015-01-01.07:09:38 ARGV=pavansra SOC=git-upload-pack
2015-01-01.07:45:04 ARGV=-s,server-rtp SOC=gitolite
2015-01-01.07:45:04 ARGV=-s,server-rtp SOC=gitolite
2015-01-01.07:45:06 ARGV=-s,server-rtp SOC=gitolite
2015-01-01.07:45:13 ARGV=-s,server-rtp SOC=gitolite
2015-01-01.07:45:26 ARGV=-s,server-rtp SOC=gitolite
2015-01-01.07:45:30 ARGV=-s,server-rtp SOC=gitolite
2015-01-01.07:48:00 ARGV=-s,server-rtp SOC=gitolite
2015-01-01.07:48:00 ARGV=-s,server-rtp SOC=gitolite
2015-01-01.07:48:02 ARGV=-s,server-rtp SOC=gitolite
2015-01-01.07:48:06 ARGV=-s,server-rtp SOC=gitolite
2015-01-01.07:48:13 ARGV=-s,server-rtp SOC=gitolite
2015-01-01.07:48:16 ARGV=-s,server-rtp SOC=gitolite
2015-01-02.00:42:52 ARGV=pavansra SOC=git-upload-pack
2015-01-02.01:03:55 ARGV=kapilh SOC=git-upload-pack
2015-01-02.01:09:57 ARGV=skavuri SOC=git-upload-pack
2015-01-02.01:12:35 ARGV=skavuri SOC=git-upload-pack
2015-01-02.01:13:56 ARGV=skavuri SOC=git-upload-pack
2015-01-02.01:54:42 ARGV=pavansra SOC=git-receive-pack
2015-01-02.01:55:20 ARGV=pavansra SOC=git-upload-pack
2015-01-02.02:21:44 ARGV=syamadas SOC=git-upload-pack
2015-01-02.02:22:54 ARGV=syamadas SOC=git-upload-pack
2015-01-02.03:35:08 ARGV=syamadas SOC=git-upload-pack
2015-01-02.04:48:11 ARGV=rlakshmi SOC=git-upload-pack
2015-01-02.05:24:56 ARGV=skatakam SOC=git-upload-pack
2015-01-02.05:59:39 ARGV=sugugulo SOC=git-upload-pack
2015-01-02.06:06:47 ARGV=rlakshmi SOC=git-upload-pack
2015-01-02.06:49:24 ARGV=kapilh SOC=git-upload-pack
2015-01-02.07:30:32 ARGV=pavansra SOC=git-upload-pack
2015-01-02.07:40:28 ARGV=madhuri SOC=git-upload-pack
2015-01-02.07:45:17 ARGV=kkanchar SOC=git-upload-pack
2015-01-02.07:51:52 ARGV=pavansra SOC=git-upload-pack
2015-01-02.08:06:33 ARGV=rahulku SOC=git-upload-pack
2015-01-02.16:16:42 ARGV=mchan SOC=git-upload-pack
2015-01-02.17:33:41 ARGV=-s,server-rtp SOC=gitolite
2015-01-02.17:33:41 ARGV=-s,server-rtp SOC=gitolite
2015-01-02.17:33:43 ARGV=-s,server-rtp SOC=gitolite
2015-01-02.17:33:50 ARGV=-s,server-rtp SOC=gitolite
2015-01-02.17:34:00 ARGV=-s,server-rtp SOC=gitolite
2015-01-02.17:34:02 ARGV=-s,server-rtp SOC=gitolite
2015-01-02.17:34:29 ARGV=-s,server-rtp SOC=gitolite
2015-01-02.17:34:29 ARGV=-s,server-rtp SOC=gitolite
2015-01-02.17:34:30 ARGV=-s,server-rtp SOC=gitolite
2015-01-02.17:34:33 ARGV=-s,server-rtp SOC=gitolite
2015-01-02.17:34:39 ARGV=-s,server-rtp SOC=gitolite
2015-01-02.17:34:40 ARGV=-s,server-rtp SOC=gitolite
2015-01-02.17:35:00 ARGV=-s,server-rtp SOC=gitolite
2015-01-02.17:35:01 ARGV=-s,server-rtp SOC=gitolite
2015-01-02.17:35:02 ARGV=-s,server-rtp SOC=gitolite
2015-01-02.17:35:04 ARGV=-s,server-rtp SOC=gitolite
2015-01-02.17:35:10 ARGV=-s,server-rtp SOC=gitolite
2015-01-02.17:35:11 ARGV=-s,server-rtp SOC=gitolite
2015-01-02.17:35:35 ARGV=mchan SOC=git-upload-pack
2015-01-02.20:34:22 ARGV=-s,server-rtp SOC=gitolite
2015-01-02.20:34:23 ARGV=-s,server-rtp SOC=gitolite
2015-01-02.20:34:24 ARGV=-s,server-rtp SOC=gitolite
2015-01-02.20:34:27 ARGV=-s,server-rtp SOC=gitolite
2015-01-02.20:34:33 ARGV=-s,server-rtp SOC=gitolite
2015-01-02.20:34:35 ARGV=-s,server-rtp SOC=gitolite
2015-01-02.20:34:38 ARGV=mchan SOC=git-upload-pack
2015-01-02.22:34:43 ARGV=-s,server-rtp SOC=gitolite
2015-01-02.22:34:44 ARGV=-s,server-rtp SOC=gitolite
2015-01-02.22:34:45 ARGV=-s,server-rtp SOC=gitolite
2015-01-02.22:34:48 ARGV=-s,server-rtp SOC=gitolite
2015-01-02.22:34:54 ARGV=-s,server-rtp SOC=gitolite
2015-01-02.22:34:56 ARGV=-s,server-rtp SOC=gitolite
2015-01-02.22:43:38 ARGV=-s,server-rtp SOC=gitolite
2015-01-02.22:43:38 ARGV=-s,server-rtp SOC=gitolite
2015-01-02.22:43:39 ARGV=-s,server-rtp SOC=gitolite
2015-01-02.22:43:46 ARGV=-s,server-rtp SOC=gitolite
2015-01-02.22:43:52 ARGV=-s,server-rtp SOC=gitolite
2015-01-02.22:43:54 ARGV=-s,server-rtp SOC=gitolite
2015-01-02.22:46:49 ARGV=-s,server-rtp SOC=gitolite
2015-01-02.22:46:49 ARGV=-s,server-rtp SOC=gitolite
2015-01-02.22:46:51 ARGV=-s,server-rtp SOC=gitolite
2015-01-02.22:46:54 ARGV=-s,server-rtp SOC=gitolite
2015-01-02.22:46:59 ARGV=-s,server-rtp SOC=gitolite
2015-01-02.22:47:01 ARGV=-s,server-rtp SOC=gitolite
2015-01-02.22:47:06 ARGV=mchan SOC=git-upload-pack
2015-01-03.02:52:47 ARGV=-s,server-rtp SOC=gitolite
2015-01-03.02:52:47 ARGV=-s,server-rtp SOC=gitolite
2015-01-03.02:52:48 ARGV=-s,server-rtp SOC=gitolite
2015-01-03.02:52:51 ARGV=-s,server-rtp SOC=gitolite
2015-01-03.02:52:57 ARGV=-s,server-rtp SOC=gitolite
2015-01-03.02:52:59 ARGV=-s,server-rtp SOC=gitolite
2015-01-03.22:02:21 ARGV=-s,server-rtp SOC=gitolite
2015-01-03.22:02:21 ARGV=-s,server-rtp SOC=gitolite
2015-01-03.22:02:23 ARGV=-s,server-rtp SOC=gitolite
2015-01-03.22:02:30 ARGV=-s,server-rtp SOC=gitolite
2015-01-03.22:02:42 ARGV=-s,server-rtp SOC=gitolite
2015-01-03.22:02:46 ARGV=-s,server-rtp SOC=gitolite
2015-01-03.22:17:16 ARGV=-s,server-rtp SOC=gitolite
2015-01-03.22:17:16 ARGV=-s,server-rtp SOC=gitolite
2015-01-03.22:17:18 ARGV=-s,server-rtp SOC=gitolite
2015-01-03.22:17:22 ARGV=-s,server-rtp SOC=gitolite
2015-01-03.22:17:29 ARGV=-s,server-rtp SOC=gitolite
2015-01-03.22:17:32 ARGV=-s,server-rtp SOC=gitolite
2015-01-04.00:00:04 ARGV=-s,ccxswbuild SOC=git
2015-01-04.00:00:04 ARGV=-s,ccxswbuild SOC=git
2015-01-04.00:00:05 ARGV=-s,ccxswbuild SOC=git
2015-01-04.00:00:05 ARGV=-s,ccxswbuild SOC=git
2015-01-04.00:00:05 ARGV=-s,ccxswbuild SOC=git
2015-01-04.00:00:06 ARGV=-s,ccxswbuild SOC=git
2015-01-04.00:00:10 ARGV=-s,ccxswbuild SOC=git-upload-archive
2015-01-04.00:00:10 ARGV=-s,ccxswbuild SOC=git-upload-archive
2015-01-04.00:00:10 ARGV=-s,ccxswbuild SOC=git-upload-archive
2015-01-04.01:47:37 ARGV=-s,server-rtp SOC=gitolite
2015-01-04.01:47:37 ARGV=-s,server-rtp SOC=gitolite
2015-01-04.01:47:39 ARGV=-s,server-rtp SOC=gitolite
2015-01-04.01:47:43 ARGV=-s,server-rtp SOC=gitolite
2015-01-04.01:47:51 ARGV=-s,server-rtp SOC=gitolite
2015-01-04.01:47:54 ARGV=-s,server-rtp SOC=gitolite
2015-01-04.02:53:02 ARGV=-s,server-rtp SOC=gitolite
2015-01-04.02:53:03 ARGV=-s,server-rtp SOC=gitolite
2015-01-04.02:53:04 ARGV=-s,server-rtp SOC=gitolite
2015-01-04.02:53:07 ARGV=-s,server-rtp SOC=gitolite
2015-01-04.02:53:13 ARGV=-s,server-rtp SOC=gitolite
2015-01-04.02:53:16 ARGV=-s,server-rtp SOC=gitolite
2015-01-04.03:45:59 ARGV=-s,server-rtp SOC=gitolite
2015-01-04.03:46:00 ARGV=-s,server-rtp SOC=gitolite
2015-01-04.03:46:01 ARGV=-s,server-rtp SOC=gitolite
2015-01-04.03:46:06 ARGV=-s,server-rtp SOC=gitolite
2015-01-04.03:46:13 ARGV=-s,server-rtp SOC=gitolite
2015-01-04.03:46:19 ARGV=-s,server-rtp SOC=gitolite
2015-01-04.13:40:03 ARGV=-s,ccxswbuild SOC=git
2015-01-04.13:40:06 ARGV=-s,ccxswbuild SOC=git
2015-01-04.13:40:07 ARGV=-s,ccxswbuild SOC=git
2015-01-04.13:40:07 ARGV=-s,ccxswbuild SOC=git
2015-01-04.13:40:07 ARGV=-s,ccxswbuild SOC=git
2015-01-04.13:40:07 ARGV=-s,ccxswbuild SOC=git
2015-01-04.13:40:07 ARGV=-s,ccxswbuild SOC=git
2015-01-04.13:40:07 ARGV=-s,ccxswbuild SOC=git
2015-01-04.13:40:07 ARGV=-s,ccxswbuild SOC=git
2015-01-04.13:40:07 ARGV=-s,ccxswbuild SOC=git
2015-01-04.13:40:07 ARGV=-s,ccxswbuild SOC=git
2015-01-04.13:40:07 ARGV=-s,ccxswbuild SOC=git
2015-01-04.13:40:07 ARGV=-s,ccxswbuild SOC=git
2015-01-04.13:40:10 ARGV=-s,ccxswbuild SOC=git-upload-archive
2015-01-04.13:40:15 ARGV=-s,ccxswbuild SOC=git-upload-archive
2015-01-04.13:40:15 ARGV=-s,ccxswbuild SOC=git-upload-archive
2015-01-04.13:40:15 ARGV=-s,ccxswbuild SOC=git-upload-archive
2015-01-04.13:40:15 ARGV=-s,ccxswbuild SOC=git-upload-archive
2015-01-04.13:40:15 ARGV=-s,ccxswbuild SOC=git-upload-archive
2015-01-04.13:40:15 ARGV=-s,ccxswbuild SOC=git-upload-archive
2015-01-04.13:40:15 ARGV=-s,ccxswbuild SOC=git-upload-archive
2015-01-04.13:40:20 ARGV=-s,ccxswbuild SOC=git-upload-archive
2015-01-04.13:40:25 ARGV=-s,ccxswbuild SOC=git-upload-archive
2015-01-04.13:40:30 ARGV=-s,ccxswbuild SOC=git-upload-archive
2015-01-04.21:56:20 ARGV=farhuang SOC=git-upload-pack
2015-01-04.22:00:04 ARGV=-s,ccxswbuild SOC=git
2015-01-04.22:00:05 ARGV=-s,ccxswbuild SOC=git
2015-01-04.22:00:07 ARGV=-s,ccxswbuild SOC=git
2015-01-04.22:00:07 ARGV=-s,ccxswbuild SOC=git
2015-01-04.22:00:07 ARGV=-s,ccxswbuild SOC=git
2015-01-04.22:00:07 ARGV=-s,ccxswbuild SOC=git
2015-01-04.22:00:07 ARGV=-s,ccxswbuild SOC=git
2015-01-04.22:00:07 ARGV=-s,ccxswbuild SOC=git
2015-01-04.22:00:12 ARGV=-s,ccxswbuild SOC=git-upload-archive
2015-01-04.22:00:12 ARGV=-s,ccxswbuild SOC=git-upload-archive
2015-01-04.22:00:12 ARGV=-s,ccxswbuild SOC=git-upload-archive
2015-01-04.22:00:12 ARGV=-s,ccxswbuild SOC=git-upload-archive
2015-01-04.22:00:12 ARGV=-s,ccxswbuild SOC=git-upload-archive
2015-01-04.22:00:22 ARGV=-s,ccxswbuild SOC=git-upload-archive
2015-01-04.22:55:46 ARGV=farhuang SOC=git-upload-pack
2015-01-05.00:25:06 ARGV=vcmuthus SOC=git-upload-pack
2015-01-05.00:28:26 ARGV=rlakshmi SOC=git-upload-pack
2015-01-05.00:29:32 ARGV=vcmuthus SOC=git-upload-pack
2015-01-05.00:36:07 ARGV=rlakshmi SOC=git-upload-pack
2015-01-05.00:36:17 ARGV=rlakshmi SOC=git-upload-pack
2015-01-05.01:11:09 ARGV=ssubhani SOC=git-upload-pack
2015-01-05.01:20:13 ARGV=rahulku SOC=git-upload-pack
2015-01-05.01:23:20 ARGV=skatakam SOC=git-upload-pack
2015-01-05.01:40:22 ARGV=-s,server-rtp SOC=gitolite
2015-01-05.01:40:23 ARGV=-s,server-rtp SOC=gitolite
2015-01-05.01:40:24 ARGV=-s,server-rtp SOC=gitolite
2015-01-05.01:40:28 ARGV=-s,server-rtp SOC=gitolite
2015-01-05.01:40:36 ARGV=-s,server-rtp SOC=gitolite
2015-01-05.01:40:40 ARGV=-s,server-rtp SOC=gitolite
2015-01-05.01:40:47 ARGV=-s,server-rtp SOC=gitolite
2015-01-05.01:40:47 ARGV=-s,server-rtp SOC=gitolite
2015-01-05.01:40:48 ARGV=-s,server-rtp SOC=gitolite
2015-01-05.01:40:52 ARGV=-s,server-rtp SOC=gitolite
2015-01-05.01:40:57 ARGV=-s,server-rtp SOC=gitolite
2015-01-05.01:40:59 ARGV=-s,server-rtp SOC=gitolite
2015-01-05.01:55:39 ARGV=vnagula SOC=git-upload-pack
2015-01-05.02:06:45 ARGV=farhuang SOC=git-upload-pack
2015-01-05.02:07:43 ARGV=farhuang SOC=git-upload-pack
2015-01-05.02:11:55 ARGV=sugugulo SOC=git-upload-pack
2015-01-05.02:18:52 ARGV=-s,server-rtp SOC=gitolite
2015-01-05.02:18:52 ARGV=-s,server-rtp SOC=gitolite
2015-01-05.02:18:54 ARGV=-s,server-rtp SOC=gitolite
2015-01-05.02:19:01 ARGV=-s,server-rtp SOC=gitolite
2015-01-05.02:19:12 ARGV=-s,server-rtp SOC=gitolite
2015-01-05.02:19:21 ARGV=-s,server-rtp SOC=gitolite
2015-01-05.02:19:25 ARGV=farhuang SOC=git-upload-pack
2015-01-05.02:42:56 ARGV=rahulku SOC=git-upload-pack
2015-01-05.03:21:28 ARGV=-s,server-rtp SOC=gitolite
2015-01-05.03:21:29 ARGV=-s,server-rtp SOC=gitolite
2015-01-05.03:21:30 ARGV=-s,server-rtp SOC=gitolite
2015-01-05.03:21:34 ARGV=-s,server-rtp SOC=gitolite
2015-01-05.03:21:40 ARGV=-s,server-rtp SOC=gitolite
2015-01-05.03:21:43 ARGV=-s,server-rtp SOC=gitolite
2015-01-05.04:37:04 ARGV=ganglv SOC=git-upload-pack
2015-01-05.04:40:10 ARGV=kkanchar SOC=git-upload-pack
2015-01-05.05:02:44 ARGV=ssubhani SOC=git-upload-pack
2015-01-05.05:03:48 ARGV=ssubhani SOC=git-upload-pack
2015-01-05.05:05:07 ARGV=ssubhani SOC=git-upload-pack
2015-01-05.05:08:36 ARGV=rahulku SOC=git-upload-pack
2015-01-05.05:23:38 ARGV=kkanchar SOC=git-upload-pack
2015-01-05.05:41:09 ARGV=parthasa SOC=git-upload-pack
2015-01-05.06:04:12 ARGV=madhuri SOC=git-upload-pack
2015-01-05.07:02:11 ARGV=yrdreddy SOC=git-upload-pack
2015-01-05.07:14:52 ARGV=yrdreddy SOC=git-upload-pack
2015-01-05.07:26:43 ARGV=-s,server-rtp SOC=gitolite
2015-01-05.07:26:44 ARGV=-s,server-rtp SOC=gitolite
2015-01-05.07:26:46 ARGV=-s,server-rtp SOC=gitolite
2015-01-05.07:26:52 ARGV=-s,server-rtp SOC=gitolite
2015-01-05.07:27:04 ARGV=-s,server-rtp SOC=gitolite
2015-01-05.07:27:09 ARGV=-s,server-rtp SOC=gitolite
2015-01-05.07:30:02 ARGV=-s,server-rtp SOC=gitolite
2015-01-05.07:30:02 ARGV=-s,server-rtp SOC=gitolite
2015-01-05.07:30:04 ARGV=-s,server-rtp SOC=gitolite
2015-01-05.07:30:08 ARGV=-s,server-rtp SOC=gitolite
2015-01-05.07:30:15 ARGV=-s,server-rtp SOC=gitolite
2015-01-05.07:30:18 ARGV=-s,server-rtp SOC=gitolite
2015-01-05.07:30:49 ARGV=kkanchar SOC=git-upload-pack
2015-01-05.08:55:45 ARGV=bharper SOC=git-upload-pack
2015-01-05.08:57:17 ARGV=bharper SOC=git-upload-pack
2015-01-05.09:05:21 ARGV=colinw SOC=git-upload-pack
2015-01-05.09:25:01 ARGV=pavansra SOC=git-upload-pack
2015-01-05.09:40:43 ARGV=bharper SOC=git-upload-pack
2015-01-05.09:54:28 ARGV=joelz SOC=git-upload-pack
2015-01-05.10:34:55 ARGV=-s,server-rtp SOC=gitolite
2015-01-05.10:34:56 ARGV=-s,server-rtp SOC=gitolite
2015-01-05.10:34:58 ARGV=-s,server-rtp SOC=gitolite
2015-01-05.10:35:06 ARGV=-s,server-rtp SOC=gitolite
2015-01-05.10:35:29 ARGV=-s,server-rtp SOC=gitolite
2015-01-05.10:35:34 ARGV=-s,server-rtp SOC=gitolite
2015-01-05.10:39:29 ARGV=zschroff SOC=git-upload-pack
2015-01-05.10:58:29 ARGV=pbush SOC=git-upload-pack
2015-01-05.11:18:30 ARGV=lstarret SOC=git-upload-pack
2015-01-05.11:19:15 ARGV=lstarret SOC=git-upload-pack
2015-01-05.11:21:08 ARGV=sprabhu SOC=git-upload-pack
2015-01-05.11:21:33 ARGV=lstarret SOC=git-upload-pack
2015-01-05.11:25:25 ARGV=lstarret SOC=git-upload-pack
2015-01-05.11:27:01 ARGV=pbush SOC=git-upload-pack
2015-01-05.11:46:15 ARGV=joelz SOC=git-upload-pack
2015-01-05.11:57:47 ARGV=bharper SOC=git-upload-pack
2015-01-05.12:04:05 ARGV=-s,server-rtp SOC=gitolite
2015-01-05.12:04:05 ARGV=-s,server-rtp SOC=gitolite
2015-01-05.12:04:06 ARGV=-s,server-rtp SOC=gitolite
2015-01-05.12:04:12 ARGV=-s,server-rtp SOC=gitolite
2015-01-05.12:04:23 ARGV=-s,server-rtp SOC=gitolite
2015-01-05.12:04:30 ARGV=-s,server-rtp SOC=gitolite
2015-01-05.12:06:33 ARGV=zschroff SOC=git-upload-pack
2015-01-05.12:08:29 ARGV=joelz SOC=git-receive-pack
2015-01-05.12:19:32 ARGV=bharper SOC=git-upload-pack
2015-01-05.12:21:46 ARGV=khaglund SOC=git-upload-pack
2015-01-05.12:22:45 ARGV=zschroff SOC=git-upload-pack
2015-01-05.12:46:50 ARGV=pmallik SOC=git-upload-pack
2015-01-05.13:08:52 ARGV=pmallik SOC=git-upload-pack
2015-01-05.13:17:53 ARGV=-s,ccxswbuild SOC=gitolite
2015-01-05.13:17:54 ARGV=-s,ccxswbuild SOC=gitolite
2015-01-05.13:17:54 ARGV=-s,ccxswbuild SOC=gitolite
2015-01-05.13:17:54 ARGV=-s,ccxswbuild SOC=gitolite
2015-01-05.13:17:55 ARGV=-s,ccxswbuild SOC=gitolite
2015-01-05.13:17:55 ARGV=-s,ccxswbuild SOC=gitolite
2015-01-05.13:17:56 ARGV=-s,ccxswbuild SOC=gitolite
2015-01-05.13:17:56 ARGV=-s,ccxswbuild SOC=gitolite
2015-01-05.13:17:56 ARGV=-s,ccxswbuild SOC=gitolite
2015-01-05.13:17:57 ARGV=-s,ccxswbuild SOC=gitolite
2015-01-05.13:17:57 ARGV=-s,ccxswbuild SOC=gitolite
2015-01-05.13:17:57 ARGV=-s,ccxswbuild SOC=gitolite
2015-01-05.13:17:58 ARGV=-s,ccxswbuild SOC=gitolite
2015-01-05.13:17:58 ARGV=-s,ccxswbuild SOC=gitolite
2015-01-05.13:17:58 ARGV=-s,ccxswbuild SOC=gitolite
2015-01-05.13:17:59 ARGV=-s,ccxswbuild SOC=gitolite
2015-01-05.13:17:59 ARGV=-s,ccxswbuild SOC=gitolite
2015-01-05.13:18:00 ARGV=-s,ccxswbuild SOC=gitolite
2015-01-05.13:18:00 ARGV=-s,ccxswbuild SOC=gitolite
2015-01-05.13:18:00 ARGV=-s,ccxswbuild SOC=gitolite
2015-01-05.13:18:01 ARGV=-s,ccxswbuild SOC=gitolite
2015-01-05.13:18:01 ARGV=-s,ccxswbuild SOC=gitolite
2015-01-05.13:18:02 ARGV=-s,ccxswbuild SOC=gitolite
2015-01-05.13:18:02 ARGV=-s,ccxswbuild SOC=gitolite
2015-01-05.13:18:02 ARGV=-s,ccxswbuild SOC=gitolite
2015-01-05.13:18:03 ARGV=-s,ccxswbuild SOC=gitolite
2015-01-05.13:18:09 ARGV=-s,ccxswbuild SOC=git-upload-pack
2015-01-05.13:18:09 ARGV=-s,ccxswbuild SOC=git-upload-pack
2015-01-05.13:18:15 ARGV=-s,ccxswbuild SOC=git
2015-01-05.13:18:15 ARGV=-s,ccxswbuild SOC=git
2015-01-05.13:18:48 ARGV=-s,ccxswbuild SOC=git
2015-01-05.13:18:48 ARGV=-s,ccxswbuild SOC=git
2015-01-05.13:18:50 ARGV=-s,ccxswbuild SOC=git
2015-01-05.13:18:51 ARGV=-s,ccxswbuild SOC=git-upload-archive
2015-01-05.13:40:32 ARGV=lstarret SOC=git-upload-pack
2015-01-05.13:44:46 ARGV=lstarret SOC=git-upload-pack
2015-01-05.13:49:54 ARGV=bharper SOC=git-upload-pack
2015-01-05.13:54:14 ARGV=colinw SOC=git-upload-pack
2015-01-05.13:55:26 ARGV=colinw SOC=git-upload-pack
2015-01-05.13:57:39 ARGV=-s,server-rtp SOC=gitolite
2015-01-05.13:57:39 ARGV=-s,server-rtp SOC=gitolite
2015-01-05.13:57:41 ARGV=-s,server-rtp SOC=gitolite
2015-01-05.13:57:49 ARGV=-s,server-rtp SOC=gitolite
2015-01-05.13:57:54 ARGV=colinw SOC=git-upload-pack
2015-01-05.13:58:04 ARGV=-s,server-rtp SOC=gitolite
2015-01-05.13:58:08 ARGV=-s,server-rtp SOC=gitolite
2015-01-05.13:59:43 ARGV=zschroff SOC=git-upload-pack
2015-01-05.14:33:29 ARGV=dcbii SOC=git-upload-pack
2015-01-05.14:33:35 ARGV=dcbii SOC=git-upload-pack
2015-01-05.14:52:01 ARGV=-s,server-rtp SOC=gitolite
2015-01-05.14:52:01 ARGV=-s,server-rtp SOC=gitolite
2015-01-05.14:52:02 ARGV=-s,server-rtp SOC=gitolite
2015-01-05.14:52:10 ARGV=-s,server-rtp SOC=gitolite
2015-01-05.14:52:16 ARGV=-s,server-rtp SOC=gitolite
2015-01-05.14:52:19 ARGV=-s,server-rtp SOC=gitolite
2015-01-05.14:52:28 ARGV=-s,server-rtp SOC=gitolite
2015-01-05.14:52:28 ARGV=-s,server-rtp SOC=gitolite
2015-01-05.14:52:29 ARGV=-s,server-rtp SOC=gitolite
2015-01-05.14:52:33 ARGV=-s,server-rtp SOC=gitolite
2015-01-05.14:52:39 ARGV=-s,server-rtp SOC=gitolite
2015-01-05.14:52:41 ARGV=-s,server-rtp SOC=gitolite
2015-01-05.15:01:32 ARGV=-s,server-rtp SOC=gitolite
2015-01-05.15:01:32 ARGV=-s,server-rtp SOC=gitolite
2015-01-05.15:01:34 ARGV=-s,server-rtp SOC=gitolite
2015-01-05.15:01:37 ARGV=-s,server-rtp SOC=gitolite
2015-01-05.15:01:43 ARGV=-s,server-rtp SOC=gitolite
2015-01-05.15:01:45 ARGV=-s,server-rtp SOC=gitolite
2015-01-05.16:02:13 ARGV=zschroff SOC=git-upload-pack
2015-01-05.16:31:11 ARGV=mchan SOC=git-upload-pack
2015-01-05.17:01:16 ARGV=-s,server-rtp SOC=gitolite
2015-01-05.17:01:16 ARGV=-s,server-rtp SOC=gitolite
2015-01-05.17:01:19 ARGV=-s,server-rtp SOC=gitolite
2015-01-05.17:01:26 ARGV=-s,server-rtp SOC=gitolite
2015-01-05.17:01:35 ARGV=-s,server-rtp SOC=gitolite
2015-01-05.17:01:38 ARGV=-s,server-rtp SOC=gitolite
2015-01-05.17:02:21 ARGV=-s,server-rtp SOC=gitolite
2015-01-05.17:02:22 ARGV=-s,server-rtp SOC=gitolite
2015-01-05.17:02:23 ARGV=-s,server-rtp SOC=gitolite
2015-01-05.17:02:26 ARGV=-s,server-rtp SOC=gitolite
2015-01-05.17:02:32 ARGV=-s,server-rtp SOC=gitolite
2015-01-05.17:02:34 ARGV=-s,server-rtp SOC=gitolite
2015-01-05.17:02:38 ARGV=-s,server-rtp SOC=gitolite
2015-01-05.17:02:38 ARGV=-s,server-rtp SOC=gitolite
2015-01-05.17:02:39 ARGV=-s,server-rtp SOC=gitolite
2015-01-05.17:02:42 ARGV=-s,server-rtp SOC=gitolite
2015-01-05.17:02:50 ARGV=-s,server-rtp SOC=gitolite
2015-01-05.17:02:51 ARGV=-s,server-rtp SOC=gitolite
2015-01-05.17:02:55 ARGV=-s,server-rtp SOC=gitolite
2015-01-05.17:02:55 ARGV=-s,server-rtp SOC=gitolite
2015-01-05.17:02:56 ARGV=-s,server-rtp SOC=gitolite
2015-01-05.17:03:00 ARGV=-s,server-rtp SOC=gitolite
2015-01-05.17:03:06 ARGV=-s,server-rtp SOC=gitolite
2015-01-20.04:37:43 ARGV=-s,server-rtp SOC=gitolite
2015-01-20.04:37:45 ARGV=-s,server-rtp SOC=gitolite
2015-01-20.04:37:50 ARGV=-s,server-rtp SOC=gitolite
2015-01-20.04:37:58 ARGV=-s,server-rtp SOC=gitolite
2015-01-20.04:38:01 ARGV=-s,server-rtp SOC=gitolite
2015-01-20.06:03:25 ARGV=sahus SOC=git-upload-pack
2015-01-20.06:12:15 ARGV=vcmuthus SOC=git-upload-pack
2015-01-20.07:24:12 ARGV=rlakshmi SOC=git-upload-pack
2015-01-20.07:26:01 ARGV=rlakshmi SOC=git-upload-pack
2015-01-20.07:26:13 ARGV=rlakshmi SOC=git-upload-pack
2015-01-20.09:04:49 ARGV=-s,server-rtp SOC=gitolite
2015-01-20.09:04:50 ARGV=-s,server-rtp SOC=gitolite
2015-01-20.09:04:52 ARGV=-s,server-rtp SOC=gitolite
2015-01-20.09:04:59 ARGV=-s,server-rtp SOC=gitolite
2015-01-20.09:05:08 ARGV=-s,server-rtp SOC=gitolite
2015-01-20.09:05:12 ARGV=-s,server-rtp SOC=gitolite
2015-01-20.09:08:22 ARGV=-s,server-rtp SOC=gitolite
2015-01-20.09:08:22 ARGV=-s,server-rtp SOC=gitolite
2015-01-20.09:08:24 ARGV=-s,server-rtp SOC=gitolite
2015-01-20.09:08:30 ARGV=-s,server-rtp SOC=gitolite
2015-01-20.09:08:38 ARGV=-s,server-rtp SOC=gitolite
2015-01-20.09:08:42 ARGV=-s,server-rtp SOC=gitolite
2015-01-20.09:51:11 ARGV=mfiorito SOC=git-upload-pack
2015-01-20.10:46:25 ARGV=dcbii SOC=git-upload-pack
2015-01-20.10:46:29 ARGV=dcbii SOC=git-upload-pack
2015-01-20.10:49:36 ARGV=-s,server-rtp SOC=gitolite
2015-01-20.10:49:36 ARGV=-s,server-rtp SOC=gitolite
2015-01-20.10:49:45 ARGV=-s,server-rtp SOC=gitolite
2015-01-20.10:50:53 ARGV=-s,server-rtp SOC=gitolite
2015-01-20.10:50:58 ARGV=-s,server-rtp SOC=gitolite
2015-01-20.10:51:43 ARGV=-s,server-rtp SOC=gitolite
2015-01-20.10:52:46 ARGV=-s,server-rtp SOC=gitolite
2015-01-20.10:52:47 ARGV=-s,server-rtp SOC=gitolite
2015-01-20.10:52:47 ARGV=-s,server-rtp SOC=gitolite
2015-01-20.10:52:50 ARGV=-s,server-rtp SOC=gitolite
2015-01-20.10:52:55 ARGV=-s,server-rtp SOC=gitolite
2015-01-20.10:52:56 ARGV=-s,server-rtp SOC=gitolite
