ARGV=vemulapa SOC=git-upload-pack
ARGV=vnagula SOC=git-upload-pack
ARGV=sugugulo SOC=git-upload-pack
ARGV=pavansra SOC=git-upload-pack
ARGV=vemulapa SOC=git-upload-pack
ARGV=vemulapa SOC=git-upload-pack
ARGV=rlakshmi SOC=git-upload-pack
ARGV=pavansra SOC=git-upload-pack
ARGV=-s,server-rtp SOC=gitolite
ARGV=-s,server-rtp SOC=gitolite
ARGV=-s,server-rtp SOC=gitolite
ARGV=-s,server-rtp SOC=gitolite
ARGV=-s,server-rtp SOC=gitolite
ARGV=-s,server-rtp SOC=gitolite
ARGV=-s,server-rtp SOC=gitolite
ARGV=-s,server-rtp SOC=gitolite
ARGV=-s,server-rtp SOC=gitolite
ARGV=-s,server-rtp SOC=gitolite
ARGV=-s,server-rtp SOC=gitolite
ARGV=-s,server-rtp SOC=gitolite
ARGV=pavansra SOC=git-upload-pack
ARGV=kapilh SOC=git-upload-pack
ARGV=skavuri SOC=git-upload-pack
ARGV=skavuri SOC=git-upload-pack
ARGV=skavuri SOC=git-upload-pack
ARGV=pavansra SOC=git-receive-pack
ARGV=pavansra SOC=git-upload-pack
ARGV=syamadas SOC=git-upload-pack
ARGV=syamadas SOC=git-upload-pack
ARGV=syamadas SOC=git-upload-pack
ARGV=rlakshmi SOC=git-upload-pack
ARGV=skatakam SOC=git-upload-pack
ARGV=sugugulo SOC=git-upload-pack
ARGV=rlakshmi SOC=git-upload-pack
ARGV=kapilh SOC=git-upload-pack
ARGV=pavansra SOC=git-upload-pack
ARGV=madhuri SOC=git-upload-pack
ARGV=kkanchar SOC=git-upload-pack
ARGV=pavansra SOC=git-upload-pack
ARGV=rahulku SOC=git-upload-pack
ARGV=mchan SOC=git-upload-pack
ARGV=-s,server-rtp SOC=gitolite
ARGV=-s,server-rtp SOC=gitolite
ARGV=-s,server-rtp SOC=gitolite
ARGV=-s,server-rtp SOC=gitolite
ARGV=-s,server-rtp SOC=gitolite
ARGV=-s,server-rtp SOC=gitolite
ARGV=-s,server-rtp SOC=gitolite
ARGV=-s,server-rtp SOC=gitolite
ARGV=-s,server-rtp SOC=gitolite
ARGV=-s,server-rtp SOC=gitolite
ARGV=-s,server-rtp SOC=gitolite
ARGV=-s,server-rtp SOC=gitolite
ARGV=-s,server-rtp SOC=gitolite
ARGV=-s,server-rtp SOC=gitolite
ARGV=-s,server-rtp SOC=gitolite
ARGV=-s,server-rtp SOC=gitolite
ARGV=-s,server-rtp SOC=gitolite
ARGV=-s,server-rtp SOC=gitolite
ARGV=mchan SOC=git-upload-pack
ARGV=-s,server-rtp SOC=gitolite
ARGV=-s,server-rtp SOC=gitolite
ARGV=-s,server-rtp SOC=gitolite
ARGV=-s,server-rtp SOC=gitolite
ARGV=-s,server-rtp SOC=gitolite
ARGV=-s,server-rtp SOC=gitolite
ARGV=mchan SOC=git-upload-pack
ARGV=-s,server-rtp SOC=gitolite
ARGV=-s,server-rtp SOC=gitolite
ARGV=-s,server-rtp SOC=gitolite
ARGV=-s,server-rtp SOC=gitolite
ARGV=-s,server-rtp SOC=gitolite
ARGV=-s,server-rtp SOC=gitolite
ARGV=-s,server-rtp SOC=gitolite
ARGV=-s,server-rtp SOC=gitolite
ARGV=-s,server-rtp SOC=gitolite
ARGV=-s,server-rtp SOC=gitolite
ARGV=-s,server-rtp SOC=gitolite
ARGV=-s,server-rtp SOC=gitolite
ARGV=-s,server-rtp SOC=gitolite
ARGV=-s,server-rtp SOC=gitolite
ARGV=-s,server-rtp SOC=gitolite
ARGV=-s,server-rtp SOC=gitolite
ARGV=-s,server-rtp SOC=gitolite
ARGV=-s,server-rtp SOC=gitolite
ARGV=mchan SOC=git-upload-pack
ARGV=-s,server-rtp SOC=gitolite
ARGV=-s,server-rtp SOC=gitolite
ARGV=-s,server-rtp SOC=gitolite
ARGV=-s,server-rtp SOC=gitolite
ARGV=-s,server-rtp SOC=gitolite
ARGV=-s,server-rtp SOC=gitolite
ARGV=-s,server-rtp SOC=gitolite
ARGV=-s,server-rtp SOC=gitolite
ARGV=-s,server-rtp SOC=gitolite
ARGV=-s,server-rtp SOC=gitolite
ARGV=-s,server-rtp SOC=gitolite
ARGV=-s,server-rtp SOC=gitolite
ARGV=-s,server-rtp SOC=gitolite
ARGV=-s,server-rtp SOC=gitolite
ARGV=-s,server-rtp SOC=gitolite
ARGV=-s,server-rtp SOC=gitolite
ARGV=-s,server-rtp SOC=gitolite
ARGV=-s,server-rtp SOC=gitolite
ARGV=-s,ccxswbuild SOC=git
ARGV=-s,ccxswbuild SOC=git
ARGV=-s,ccxswbuild SOC=git
ARGV=-s,ccxswbuild SOC=git
ARGV=-s,ccxswbuild SOC=git
ARGV=-s,ccxswbuild SOC=git
ARGV=-s,ccxswbuild SOC=git-upload-archive
ARGV=-s,ccxswbuild SOC=git-upload-archive
ARGV=-s,ccxswbuild SOC=git-upload-archive
ARGV=-s,server-rtp SOC=gitolite
ARGV=-s,server-rtp SOC=gitolite
ARGV=-s,server-rtp SOC=gitolite
ARGV=-s,server-rtp SOC=gitolite
ARGV=-s,server-rtp SOC=gitolite
ARGV=-s,server-rtp SOC=gitolite
ARGV=-s,server-rtp SOC=gitolite
ARGV=-s,server-rtp SOC=gitolite
ARGV=-s,server-rtp SOC=gitolite
ARGV=-s,server-rtp SOC=gitolite
ARGV=-s,server-rtp SOC=gitolite
ARGV=-s,server-rtp SOC=gitolite
ARGV=-s,server-rtp SOC=gitolite
ARGV=-s,server-rtp SOC=gitolite
ARGV=-s,server-rtp SOC=gitolite
ARGV=-s,server-rtp SOC=gitolite
ARGV=-s,server-rtp SOC=gitolite
ARGV=-s,server-rtp SOC=gitolite
ARGV=-s,ccxswbuild SOC=git
ARGV=-s,ccxswbuild SOC=git
ARGV=-s,ccxswbuild SOC=git
ARGV=-s,ccxswbuild SOC=git
ARGV=-s,ccxswbuild SOC=git
ARGV=-s,ccxswbuild SOC=git
ARGV=-s,ccxswbuild SOC=git
ARGV=-s,ccxswbuild SOC=git
ARGV=-s,ccxswbuild SOC=git
ARGV=-s,ccxswbuild SOC=git
ARGV=-s,ccxswbuild SOC=git
ARGV=-s,ccxswbuild SOC=git
ARGV=-s,ccxswbuild SOC=git
ARGV=-s,ccxswbuild SOC=git-upload-archive
ARGV=-s,ccxswbuild SOC=git-upload-archive
ARGV=-s,ccxswbuild SOC=git-upload-archive
ARGV=-s,ccxswbuild SOC=git-upload-archive
ARGV=-s,ccxswbuild SOC=git-upload-archive
ARGV=-s,ccxswbuild SOC=git-upload-archive
ARGV=-s,ccxswbuild SOC=git-upload-archive
ARGV=-s,ccxswbuild SOC=git-upload-archive
ARGV=-s,ccxswbuild SOC=git-upload-archive
ARGV=-s,ccxswbuild SOC=git-upload-archive
ARGV=-s,ccxswbuild SOC=git-upload-archive
ARGV=farhuang SOC=git-upload-pack
ARGV=-s,ccxswbuild SOC=git
ARGV=-s,ccxswbuild SOC=git
ARGV=-s,ccxswbuild SOC=git
ARGV=-s,ccxswbuild SOC=git
ARGV=-s,ccxswbuild SOC=git
ARGV=-s,ccxswbuild SOC=git
ARGV=-s,ccxswbuild SOC=git
ARGV=-s,ccxswbuild SOC=git
ARGV=-s,ccxswbuild SOC=git-upload-archive
ARGV=-s,ccxswbuild SOC=git-upload-archive
ARGV=-s,ccxswbuild SOC=git-upload-archive
ARGV=-s,ccxswbuild SOC=git-upload-archive
ARGV=-s,ccxswbuild SOC=git-upload-archive
ARGV=-s,ccxswbuild SOC=git-upload-archive
ARGV=farhuang SOC=git-upload-pack
ARGV=vcmuthus SOC=git-upload-pack
ARGV=rlakshmi SOC=git-upload-pack
ARGV=vcmuthus SOC=git-upload-pack
ARGV=rlakshmi SOC=git-upload-pack
ARGV=rlakshmi SOC=git-upload-pack
ARGV=ssubhani SOC=git-upload-pack
ARGV=rahulku SOC=git-upload-pack
ARGV=skatakam SOC=git-upload-pack
ARGV=-s,server-rtp SOC=gitolite
ARGV=-s,server-rtp SOC=gitolite
ARGV=-s,server-rtp SOC=gitolite
ARGV=-s,server-rtp SOC=gitolite
ARGV=-s,server-rtp SOC=gitolite
ARGV=-s,server-rtp SOC=gitolite
ARGV=-s,server-rtp SOC=gitolite
ARGV=-s,server-rtp SOC=gitolite
ARGV=-s,server-rtp SOC=gitolite
ARGV=-s,server-rtp SOC=gitolite
ARGV=-s,server-rtp SOC=gitolite
ARGV=-s,server-rtp SOC=gitolite
ARGV=vnagula SOC=git-upload-pack
ARGV=farhuang SOC=git-upload-pack
ARGV=farhuang SOC=git-upload-pack
ARGV=sugugulo SOC=git-upload-pack
ARGV=-s,server-rtp SOC=gitolite
ARGV=-s,server-rtp SOC=gitolite
ARGV=-s,server-rtp SOC=gitolite
ARGV=-s,server-rtp SOC=gitolite
ARGV=-s,server-rtp SOC=gitolite
ARGV=-s,server-rtp SOC=gitolite
ARGV=farhuang SOC=git-upload-pack
ARGV=rahulku SOC=git-upload-pack
ARGV=-s,server-rtp SOC=gitolite
ARGV=-s,server-rtp SOC=gitolite
ARGV=-s,server-rtp SOC=gitolite
ARGV=-s,server-rtp SOC=gitolite
ARGV=-s,server-rtp SOC=gitolite
ARGV=-s,server-rtp SOC=gitolite
ARGV=ganglv SOC=git-upload-pack
ARGV=kkanchar SOC=git-upload-pack
ARGV=ssubhani SOC=git-upload-pack
ARGV=ssubhani SOC=git-upload-pack
ARGV=ssubhani SOC=git-upload-pack
ARGV=rahulku SOC=git-upload-pack
ARGV=kkanchar SOC=git-upload-pack
ARGV=parthasa SOC=git-upload-pack
ARGV=madhuri SOC=git-upload-pack
ARGV=yrdreddy SOC=git-upload-pack
ARGV=yrdreddy SOC=git-upload-pack
ARGV=-s,server-rtp SOC=gitolite
ARGV=-s,server-rtp SOC=gitolite
ARGV=-s,server-rtp SOC=gitolite
ARGV=-s,server-rtp SOC=gitolite
ARGV=-s,server-rtp SOC=gitolite
ARGV=-s,server-rtp SOC=gitolite
ARGV=-s,server-rtp SOC=gitolite
ARGV=-s,server-rtp SOC=gitolite
ARGV=-s,server-rtp SOC=gitolite
ARGV=-s,server-rtp SOC=gitolite
ARGV=-s,server-rtp SOC=gitolite
ARGV=-s,server-rtp SOC=gitolite
ARGV=kkanchar SOC=git-upload-pack
ARGV=bharper SOC=git-upload-pack
ARGV=bharper SOC=git-upload-pack
ARGV=colinw SOC=git-upload-pack
ARGV=pavansra SOC=git-upload-pack
ARGV=bharper SOC=git-upload-pack
ARGV=joelz SOC=git-upload-pack
ARGV=-s,server-rtp SOC=gitolite
ARGV=-s,server-rtp SOC=gitolite
ARGV=-s,server-rtp SOC=gitolite
ARGV=-s,server-rtp SOC=gitolite
ARGV=-s,server-rtp SOC=gitolite
ARGV=-s,server-rtp SOC=gitolite
ARGV=zschroff SOC=git-upload-pack
ARGV=pbush SOC=git-upload-pack
ARGV=lstarret SOC=git-upload-pack
ARGV=lstarret SOC=git-upload-pack
ARGV=sprabhu SOC=git-upload-pack
ARGV=lstarret SOC=git-upload-pack
ARGV=lstarret SOC=git-upload-pack
ARGV=pbush SOC=git-upload-pack
ARGV=joelz SOC=git-upload-pack
ARGV=bharper SOC=git-upload-pack
ARGV=-s,server-rtp SOC=gitolite
ARGV=-s,server-rtp SOC=gitolite
ARGV=-s,server-rtp SOC=gitolite
ARGV=-s,server-rtp SOC=gitolite
ARGV=-s,server-rtp SOC=gitolite
ARGV=-s,server-rtp SOC=gitolite
ARGV=zschroff SOC=git-upload-pack
ARGV=joelz SOC=git-receive-pack
ARGV=bharper SOC=git-upload-pack
ARGV=khaglund SOC=git-upload-pack
ARGV=zschroff SOC=git-upload-pack
ARGV=pmallik SOC=git-upload-pack
ARGV=pmallik SOC=git-upload-pack
ARGV=-s,ccxswbuild SOC=gitolite
ARGV=-s,ccxswbuild SOC=gitolite
ARGV=-s,ccxswbuild SOC=gitolite
ARGV=-s,ccxswbuild SOC=gitolite
ARGV=-s,ccxswbuild SOC=gitolite
ARGV=-s,ccxswbuild SOC=gitolite
ARGV=-s,ccxswbuild SOC=gitolite
ARGV=-s,ccxswbuild SOC=gitolite
ARGV=-s,ccxswbuild SOC=gitolite
ARGV=-s,ccxswbuild SOC=gitolite
ARGV=-s,ccxswbuild SOC=gitolite
ARGV=-s,ccxswbuild SOC=gitolite
ARGV=-s,ccxswbuild SOC=gitolite
ARGV=-s,ccxswbuild SOC=gitolite
ARGV=-s,ccxswbuild SOC=gitolite
ARGV=-s,ccxswbuild SOC=gitolite
ARGV=-s,ccxswbuild SOC=gitolite
ARGV=-s,ccxswbuild SOC=gitolite
ARGV=-s,ccxswbuild SOC=gitolite
ARGV=-s,ccxswbuild SOC=gitolite
ARGV=-s,ccxswbuild SOC=gitolite
ARGV=-s,ccxswbuild SOC=gitolite
ARGV=-s,ccxswbuild SOC=gitolite
ARGV=-s,ccxswbuild SOC=gitolite
ARGV=-s,ccxswbuild SOC=gitolite
ARGV=-s,ccxswbuild SOC=gitolite
ARGV=-s,ccxswbuild SOC=git-upload-pack
ARGV=-s,ccxswbuild SOC=git-upload-pack
ARGV=-s,ccxswbuild SOC=git
ARGV=-s,ccxswbuild SOC=git
ARGV=-s,ccxswbuild SOC=git
ARGV=-s,ccxswbuild SOC=git
ARGV=-s,ccxswbuild SOC=git
ARGV=-s,ccxswbuild SOC=git-upload-archive
ARGV=lstarret SOC=git-upload-pack
ARGV=lstarret SOC=git-upload-pack
ARGV=bharper SOC=git-upload-pack
ARGV=colinw SOC=git-upload-pack
ARGV=colinw SOC=git-upload-pack
ARGV=-s,server-rtp SOC=gitolite
ARGV=-s,server-rtp SOC=gitolite
ARGV=-s,server-rtp SOC=gitolite
ARGV=-s,server-rtp SOC=gitolite
ARGV=colinw SOC=git-upload-pack
ARGV=-s,server-rtp SOC=gitolite
ARGV=-s,server-rtp SOC=gitolite
ARGV=zschroff SOC=git-upload-pack
ARGV=dcbii SOC=git-upload-pack
ARGV=dcbii SOC=git-upload-pack
ARGV=-s,server-rtp SOC=gitolite
ARGV=-s,server-rtp SOC=gitolite
ARGV=-s,server-rtp SOC=gitolite
ARGV=-s,server-rtp SOC=gitolite
ARGV=-s,server-rtp SOC=gitolite
ARGV=-s,server-rtp SOC=gitolite
ARGV=-s,server-rtp SOC=gitolite
ARGV=-s,server-rtp SOC=gitolite
ARGV=-s,server-rtp SOC=gitolite
ARGV=-s,server-rtp SOC=gitolite
ARGV=-s,server-rtp SOC=gitolite
ARGV=-s,server-rtp SOC=gitolite
ARGV=-s,server-rtp SOC=gitolite
ARGV=-s,server-rtp SOC=gitolite
ARGV=-s,server-rtp SOC=gitolite
ARGV=-s,server-rtp SOC=gitolite
ARGV=-s,server-rtp SOC=gitolite
ARGV=-s,server-rtp SOC=gitolite
ARGV=zschroff SOC=git-upload-pack
ARGV=mchan SOC=git-upload-pack
ARGV=-s,server-rtp SOC=gitolite
ARGV=-s,server-rtp SOC=gitolite
ARGV=-s,server-rtp SOC=gitolite
ARGV=-s,server-rtp SOC=gitolite
ARGV=-s,server-rtp SOC=gitolite
ARGV=-s,server-rtp SOC=gitolite
ARGV=-s,server-rtp SOC=gitolite
ARGV=-s,server-rtp SOC=gitolite
ARGV=-s,server-rtp SOC=gitolite
ARGV=-s,server-rtp SOC=gitolite
ARGV=-s,server-rtp SOC=gitolite
ARGV=-s,server-rtp SOC=gitolite
ARGV=-s,server-rtp SOC=gitolite
ARGV=-s,server-rtp SOC=gitolite
ARGV=-s,server-rtp SOC=gitolite
ARGV=-s,server-rtp SOC=gitolite
ARGV=-s,server-rtp SOC=gitolite
ARGV=-s,server-rtp SOC=gitolite
ARGV=-s,server-rtp SOC=gitolite
ARGV=-s,server-rtp SOC=gitolite
ARGV=-s,server-rtp SOC=gitolite
ARGV=-s,server-rtp SOC=gitolite
ARGV=-s,server-rtp SOC=gitolite
ARGV=-s,server-rtp SOC=gitolite
ARGV=-s,server-rtp SOC=gitolite
ARGV=-s,server-rtp SOC=gitolite
ARGV=-s,server-rtp SOC=gitolite
ARGV=-s,server-rtp SOC=gitolite
ARGV=sahus SOC=git-upload-pack
ARGV=vcmuthus SOC=git-upload-pack
ARGV=rlakshmi SOC=git-upload-pack
ARGV=rlakshmi SOC=git-upload-pack
ARGV=rlakshmi SOC=git-upload-pack
ARGV=-s,server-rtp SOC=gitolite
ARGV=-s,server-rtp SOC=gitolite
ARGV=-s,server-rtp SOC=gitolite
ARGV=-s,server-rtp SOC=gitolite
ARGV=-s,server-rtp SOC=gitolite
ARGV=-s,server-rtp SOC=gitolite
ARGV=-s,server-rtp SOC=gitolite
ARGV=-s,server-rtp SOC=gitolite
ARGV=-s,server-rtp SOC=gitolite
ARGV=-s,server-rtp SOC=gitolite
ARGV=-s,server-rtp SOC=gitolite
ARGV=-s,server-rtp SOC=gitolite
ARGV=mfiorito SOC=git-upload-pack
ARGV=dcbii SOC=git-upload-pack
ARGV=dcbii SOC=git-upload-pack
ARGV=-s,server-rtp SOC=gitolite
ARGV=-s,server-rtp SOC=gitolite
ARGV=-s,server-rtp SOC=gitolite
ARGV=-s,server-rtp SOC=gitolite
ARGV=-s,server-rtp SOC=gitolite
ARGV=-s,server-rtp SOC=gitolite
ARGV=-s,server-rtp SOC=gitolite
ARGV=-s,server-rtp SOC=gitolite
ARGV=-s,server-rtp SOC=gitolite
ARGV=-s,server-rtp SOC=gitolite
ARGV=-s,server-rtp SOC=gitolite
ARGV=-s,server-rtp SOC=gitolite
